<?xml version="1.0" encoding="UTF-8" ?>
<testsuite errors="0" failures="0" hostname="ITs-MacBook-Pro.local" name="colorshare.ColorIntegrationSpec" tests="1" time="0.313" timestamp="2018-01-16T15:25:35">
  <properties />
  <testcase classname="colorshare.ColorIntegrationSpec" name="Adding colors to user links the color to the user" time="0.312" />
  <system-out><![CDATA[--Output from Adding colors to user links the color to the user--
]]></system-out>
  <system-err><![CDATA[--Output from Adding colors to user links the color to the user--
]]></system-err>
</testsuite>
