<?xml version="1.0" encoding="UTF-8" ?>
<testsuite errors="0" failures="0" hostname="ITs-MacBook-Pro.local" name="colorshare.ColorIntegrationSpec" tests="2" time="0.357" timestamp="2018-01-16T17:58:59">
  <properties />
  <testcase classname="colorshare.ColorIntegrationSpec" name="Adding colors to user links the color to the user" time="0.337" />
  <testcase classname="colorshare.ColorIntegrationSpec" name="Ensure that colors linked to a user can be retrieved" time="0.019" />
  <system-out><![CDATA[--Output from Adding colors to user links the color to the user--
--Output from Ensure that colors linked to a user can be retrieved--
]]></system-out>
  <system-err><![CDATA[--Output from Adding colors to user links the color to the user--
--Output from Ensure that colors linked to a user can be retrieved--
]]></system-err>
</testsuite>
